Drill report for final-production.kicad_pcb
Created on Sun Dec 17 14:41:55 2023

Copper Layer Stackup:
    =============================================================
    L1 :  F.Cu                      front
    L2 :  B.Cu                      back


Drill file 'final-production.drl' contains
    plated through holes:
    =============================================================
    T1  0.500mm  0.0197"  (72 holes)
    T2  0.800mm  0.0315"  (120 holes)
    T3  1.000mm  0.0394"  (27 holes)
    T4  1.500mm  0.0591"  (6 holes)  (with 6 slots)
    T5  1.520mm  0.0598"  (12 holes)
    T6  3.000mm  0.1181"  (9 holes)

    Total plated holes count 246


Not plated through holes are merged with plated holes
    unplated through holes:
    =============================================================

    Total unplated holes count 0
